[18:23:21] [main/INFO]: Loading Minecraft 1.20.1 with Fabric Loader 0.15.7
[18:23:21] [main/INFO]: Loading 88 mods:
	- asynclocator 1.3.0
	- c2me 0.2.0+alpha.11.5
	   |-- c2me-base 0.2.0+alpha.11.5
	   |-- c2me-client-uncapvd 0.2.0+alpha.11.5
	   |-- c2me-fixes-chunkio-threading-issues 0.2.0+alpha.11.5
	   |-- c2me-fixes-general-threading-issues 0.2.0+alpha.11.5
	   |-- c2me-fixes-worldgen-threading-issues 0.2.0+alpha.11.5
	   |-- c2me-fixes-worldgen-vanilla-bugs 0.2.0+alpha.11.5
	   |-- c2me-notickvd 0.2.0+alpha.11.5
	   |-- c2me-opts-allocs 0.2.0+alpha.11.5
	   |-- c2me-opts-chunk-access 0.2.0+alpha.11.5
	   |-- c2me-opts-chunkio 0.2.0+alpha.11.5
	   |-- c2me-opts-math 0.2.0+alpha.11.5
	   |-- c2me-opts-scheduling 0.2.0+alpha.11.5
	   |-- c2me-opts-worldgen-general 0.2.0+alpha.11.5
	   |-- c2me-opts-worldgen-vanilla 0.2.0+alpha.11.5
	   |-- c2me-rewrites-chunk-serializer 0.2.0+alpha.11.5
	   |-- c2me-rewrites-chunkio 0.2.0+alpha.11.5
	   |-- c2me-server-utils 0.2.0+alpha.11.5
	   |-- c2me-threading-chunkio 0.2.0+alpha.11.5
	   |-- c2me-threading-lighting 0.2.0+alpha.11.5
	   |-- c2me-threading-worldgen 0.2.0+alpha.11.5
	   |-- com_ibm_async_asyncutil 0.1.0
	   |-- net_objecthunter_exp4j 0.4.8
	   \-- org_threadly_threadly 7.0
	- carpet 1.4.112+v230608
	- carpet-extra 1.4.115
	- carpet-fixes 1.20-1.16.1
	   \-- conditional-mixin 0.3.1
	- chunky 1.3.138
	- fabric-api 0.87.0+1.20.1
	   |-- fabric-api-base 0.4.30+7abfd51577
	   |-- fabric-api-lookup-api-v1 1.6.35+4d8536c977
	   |-- fabric-biome-api-v1 13.0.10+b3afc78b77
	   |-- fabric-block-api-v1 1.0.9+e022e5d177
	   |-- fabric-blockrenderlayer-v1 1.1.40+b3afc78b77
	   |-- fabric-client-tags-api-v1 1.1.1+97bb207577
	   |-- fabric-command-api-v1 1.2.33+f71b366f77
	   |-- fabric-command-api-v2 2.2.12+b3afc78b77
	   |-- fabric-commands-v0 0.2.50+df3654b377
	   |-- fabric-containers-v0 0.1.63+df3654b377
	   |-- fabric-content-registries-v0 4.0.9+b3afc78b77
	   |-- fabric-convention-tags-v1 1.5.4+a1a980da77
	   |-- fabric-crash-report-info-v1 0.2.18+aeb40ebe77
	   |-- fabric-data-generation-api-v1 12.2.2+1e61dba177
	   |-- fabric-dimensions-v1 2.1.53+8536527b77
	   |-- fabric-entity-events-v1 1.5.22+b3afc78b77
	   |-- fabric-events-interaction-v0 0.6.1+e91849a877
	   |-- fabric-events-lifecycle-v0 0.2.62+df3654b377
	   |-- fabric-game-rule-api-v1 1.0.38+b04edc7a77
	   |-- fabric-item-api-v1 2.1.27+b3afc78b77
	   |-- fabric-item-group-api-v1 4.0.10+23d9108177
	   |-- fabric-key-binding-api-v1 1.0.36+fb8d95da77
	   |-- fabric-keybindings-v0 0.2.34+df3654b377
	   |-- fabric-lifecycle-events-v1 2.2.21+b3afc78b77
	   |-- fabric-loot-api-v2 1.1.39+b3afc78b77
	   |-- fabric-loot-tables-v1 1.1.43+9e7660c677
	   |-- fabric-message-api-v1 5.1.7+3265161977
	   |-- fabric-mining-level-api-v1 2.1.49+b3afc78b77
	   |-- fabric-model-loading-api-v1 1.0.2+709a987177
	   |-- fabric-models-v0 0.4.1+9386d8a777
	   |-- fabric-networking-api-v1 1.3.10+eeb8eb3677
	   |-- fabric-networking-v0 0.3.50+df3654b377
	   |-- fabric-object-builder-api-v1 11.1.1+6beca84877
	   |-- fabric-particles-v1 1.1.1+201a23a077
	   |-- fabric-recipe-api-v1 1.0.20+b3afc78b77
	   |-- fabric-registry-sync-v0 2.3.2+4df89eb277
	   |-- fabric-renderer-api-v1 3.1.2+6bdb2ed077
	   |-- fabric-renderer-indigo 1.4.2+6bdb2ed077
	   |-- fabric-renderer-registries-v1 3.2.45+df3654b377
	   |-- fabric-rendering-data-attachment-v1 0.3.34+b3afc78b77
	   |-- fabric-rendering-fluids-v1 3.0.27+b3afc78b77
	   |-- fabric-rendering-v0 1.1.48+df3654b377
	   |-- fabric-rendering-v1 3.0.7+b3afc78b77
	   |-- fabric-resource-conditions-api-v1 2.3.5+ea08f9d877
	   |-- fabric-resource-loader-v0 0.11.9+132c48c177
	   |-- fabric-screen-api-v1 2.0.7+b3afc78b77
	   |-- fabric-screen-handler-api-v1 1.3.29+b3afc78b77
	   |-- fabric-sound-api-v1 1.0.12+b3afc78b77
	   |-- fabric-transfer-api-v1 3.3.0+cdf060b277
	   \-- fabric-transitive-access-wideners-v1 4.3.0+6c31357e77
	- fabricloader 0.15.7
	   \-- mixinextras 0.3.5
	- ferritecore 6.0.1
	- gottagofast 1.1.0
	- java 17
	- krypton 0.2.3
	   \-- com_velocitypowered_velocity-native 3.2.0-SNAPSHOT
	- lithium 0.11.2
	- magiclib 0.7.387+c02a0de-stable
	   \-- magiclib-1_20_1 0.7.387+c02a0de-stable
	- minecraft 1.20.1
	- owo 0.11.2+1.20
	   \-- blue_endless_jankson 1.2.2
	- recipecooldown 1.17.1-1.0.0
	- servercore 1.3.9+1.20.1
	   |-- com_electronwill_night-config_core 3.6.6
	   |-- com_electronwill_night-config_toml 3.6.6
	   |-- fabric-permissions-api-v0 0.2-SNAPSHOT
	   \-- placeholder-api 2.1.2+1.20.1
	- spark 1.10.53
	- starlight 1.1.2+fabric.dbc156f
[18:23:25] [main/INFO]: SpongePowered MIXIN Subsystem Version=0.8.5 Source=file:/E:/Minecraft%20Best%20Server/Extra%20Folder/Minecraft-Survival/libraries/net/fabricmc/sponge-mixin/0.12.5+mixin.0.8.5/sponge-mixin-0.12.5+mixin.0.8.5.jar Service=Knot/Fabric Env=SERVER
[18:23:25] [main/INFO]: Compatibility level set to JAVA_17
[18:23:26] [main/INFO]: Initializing com.ishland.c2me.base.mixin
[18:23:26] [main/INFO]: Initializing com.ishland.c2me.fixes.chunkio.threading_issues.mixin
[18:23:26] [main/INFO]: Initializing com.ishland.c2me.fixes.general.threading_issues.mixin
[18:23:26] [main/INFO]: Initializing com.ishland.c2me.fixes.worldgen.threading_issues.mixin
[18:23:26] [main/INFO]: Initializing com.ishland.c2me.fixes.worldgen.vanilla_bugs.mixin
[18:23:26] [main/INFO]: Initializing com.ishland.c2me.notickvd.mixin
[18:23:26] [main/INFO]: Initializing com.ishland.c2me.opts.allocs.mixin
[18:23:26] [main/INFO]: Initializing com.ishland.c2me.opts.chunk_access.mixin
[18:23:26] [main/INFO]: Initializing com.ishland.c2me.opts.chunkio.mixin
[18:23:26] [main/INFO]: Initializing com.ishland.c2me.opts.math.mixin
[18:23:26] [main/INFO]: Initializing com.ishland.c2me.opts.scheduling.mixin
[18:23:26] [main/INFO]: Initializing com.ishland.c2me.opts.worldgen.general.mixin
[18:23:26] [main/INFO]: Initializing com.ishland.c2me.opts.worldgen.vanilla.mixin
[18:23:26] [main/INFO]: Initializing com.ishland.c2me.rewrites.chunk_serializer.mixin
[18:23:26] [main/INFO]: Disabling com.ishland.c2me.rewrites.chunk_serializer.mixin
[18:23:26] [main/INFO]: Initializing com.ishland.c2me.rewrites.chunkio.mixin
[18:23:26] [main/INFO]: Initializing com.ishland.c2me.server.utils.mixin
[18:23:26] [main/INFO]: Initializing com.ishland.c2me.threading.chunkio.mixin
[18:23:26] [main/INFO]: Initializing com.ishland.c2me.threading.lighting.mixin
[18:23:26] [main/INFO]: Initializing com.ishland.c2me.threading.worldgen.mixin
[18:23:26] [main/INFO]: Disabling com.ishland.c2me.threading.worldgen.mixin
[18:23:26] [main/INFO]: Loaded configuration file for Lithium: 115 options available, 3 override(s) found
[18:23:28] [main/WARN]: Force-disabling mixin 'alloc.blockstate.StateMixin' as rule 'mixin.alloc.blockstate' (added by mods [ferritecore]) disables it and children
[18:23:28] [main/WARN]: Force-disabling mixin 'alloc.chunk_ticking.ServerChunkManagerMixin' as rule 'mixin.alloc.chunk_ticking' (added by mods [servercore]) disables it and children
[18:23:28] [main/WARN]: Force-disabling mixin 'world.player_chunk_tick.ThreadedAnvilChunkStorageMixin' as rule 'mixin.world.player_chunk_tick' (added by mods [c2me, krypton]) disables it and children
[18:23:28] [main/WARN]: Error loading class: fr/catcore/server/translations/api/resource/language/SystemDelegatedLanguage (java.lang.ClassNotFoundException: fr/catcore/server/translations/api/resource/language/SystemDelegatedLanguage)
[18:23:29] [main/INFO]: Initializing MixinExtras via com.llamalad7.mixinextras.service.MixinExtrasServiceImpl(version=0.3.5).
[18:23:32] [main/WARN]: Method overwrite conflict for method_5800 in carpet-fixes.mixins.json:itemFixes.ItemEntity_lightningKillsDropsMixin from mod carpet-fixes, previously written by carpet.mixins.ItemEntityMixin. Skipping method.
[18:23:38] [main/WARN]: Method overwrite conflict for getConnection in fabric-networking-api-v1.mixins.json:accessor.ServerPlayNetworkHandlerAccessor from mod fabric-networking-api-v1, previously written by carpet.mixins.ServerGamePacketListenerImpl_coreMixin. Skipping method.
[18:23:38] [main/WARN]: Method overwrite conflict for getConnection in krypton.mixins.json:shared.network.util.ServerPlayNetworkHandlerAccessor from mod krypton, previously written by carpet.mixins.ServerGamePacketListenerImpl_coreMixin. Skipping method.
[18:23:40] [main/INFO]: Async Locator -> Config file found
[18:23:40] [main/WARN]: @ModifyConstant conflict. Skipping servercore.common.mixins.json:features.misc.MinecraftServerMixin from mod servercore->@ModifyConstant::servercore$modifyAutoSaveInterval(I)I with priority 900, already redirected by carpet-fixes.mixins.json:advanced.MinecraftServer_autosaveDelayMixin from mod carpet-fixes->@ModifyConstant::tickAutoSave(I)I with priority 1000
[18:23:40] [main/INFO]: Async Locator -> Configs:
Locator Threads: 1
Remove Offer: false
Dolphin Treasure Enabled: true
Eye Of Ender Enabled: true
Exploration Map Enabled: true
Locate Command Enabled: true
Villager Trade Enabled: true
[18:23:40] [main/INFO]: [GottaGoFast] GottaGoFast Fabric by oskardotglobal loaded sucessfully!
[18:23:40] [main/INFO]: Compression will use Java, encryption will use Java
[18:23:40] [main/INFO]: [MagicLib|Common]: Mod initialized - Version: 0.7.387+c02a0de-stable
[18:23:40] [main/INFO]: glisco: I like this approach, cause it's stateless. And stateless approaches are always good since state management is pain - BasiqueEvangelist: I like french bread
[18:23:40] [main/INFO]: [RecipeCooldown] RecipeCooldown loaded
[18:23:40] [main/INFO]: [ServerCore] Loaded V1.3.9+1.20.1!
[18:23:41] [main/INFO]: Krypton is now accelerating your Minecraft server's networking stack ?
[18:23:41] [main/INFO]: Environment: authHost='https://authserver.mojang.com', accountsHost='https://api.mojang.com', sessionHost='https://sessionserver.mojang.com', servicesHost='https://api.minecraftservices.com', name='PROD'
[18:23:43] [main/ERROR]: Failed to add settings command for carpet-fixes. It is masking previous command.
[18:23:43] [main/INFO]: Loaded 7 recipes
[18:23:43] [main/INFO]: Loaded 1271 advancements
[18:23:44] [main/INFO]: Applied 0 biome modifications to 0 of 64 new biomes in 2.023 ms
[18:23:44] [Server thread/INFO]: Async Locator -> Starting locating executor service with thread pool size of 1
[18:23:45] [Server thread/INFO]: Starting background profiler...
[18:23:45] [Server thread/INFO]: The async-profiler engine is not supported for your os/arch (windows11/amd64), so the built-in Java engine will be used instead.
[18:23:45] [Server thread/INFO]: Starting minecraft server version 1.20.1
[18:23:45] [Server thread/INFO]: Loading properties
[18:23:45] [Server thread/INFO]: Default game type: SURVIVAL
[18:23:45] [Server thread/INFO]: Generating keypair
[18:23:45] [Server thread/INFO]: Starting Minecraft server on 0.0.0.0:25565
[18:23:45] [Server console handler/ERROR]: Exception handling console input
java.io.IOException: The handle is invalid
	at java.io.FileInputStream.readBytes(Native Method) ~[?:?]
	at java.io.FileInputStream.read(FileInputStream.java:276) ~[?:?]
	at java.io.BufferedInputStream.read1(BufferedInputStream.java:282) ~[?:?]
	at java.io.BufferedInputStream.read(BufferedInputStream.java:343) ~[?:?]
	at sun.nio.cs.StreamDecoder.readBytes(StreamDecoder.java:270) ~[?:?]
	at sun.nio.cs.StreamDecoder.implRead(StreamDecoder.java:313) ~[?:?]
	at sun.nio.cs.StreamDecoder.read(StreamDecoder.java:188) ~[?:?]
	at java.io.InputStreamReader.read(InputStreamReader.java:177) ~[?:?]
	at java.io.BufferedReader.fill(BufferedReader.java:162) ~[?:?]
	at java.io.BufferedReader.readLine(BufferedReader.java:329) ~[?:?]
	at java.io.BufferedReader.readLine(BufferedReader.java:396) ~[?:?]
	at net.minecraft.class_3176$1.run(class_3176.java:89) ~[server-intermediary.jar:?]
[18:23:45] [Server thread/INFO]: Using default channel type
[18:23:45] [Server thread/INFO]: Preparing level "world"
[18:23:45] [Server thread/INFO]: [CM] Loaded 11 settings from carpet.conf
[18:23:45] [Server thread/ERROR]: [CM]: Carpet Fixes Setting optimizedHypot is not a valid rule - ignoring...
[18:23:45] [Server thread/ERROR]: [CM]: Carpet Fixes Setting optimizedRounding is not a valid rule - ignoring...
[18:23:45] [Server thread/INFO]: [CM] Loaded 13 settings from carpet-fixes.conf
[18:23:46] [Server thread/INFO]: Enforcing safe world random access
[18:23:47] [Server thread/INFO]: Preparing start region for dimension minecraft:overworld
[18:23:48] [Worker-Main-5/INFO]: Preparing spawn area: 0%
[18:23:48] [Worker-Main-12/INFO]: Preparing spawn area: 0%
[18:23:48] [Worker-Main-12/INFO]: Preparing spawn area: 0%
[18:23:48] [Worker-Main-7/INFO]: Preparing spawn area: 0%
[18:23:49] [Worker-Main-11/INFO]: Preparing spawn area: 0%
[18:23:49] [Worker-Main-4/INFO]: Preparing spawn area: 0%
[18:23:50] [Worker-Main-3/INFO]: Preparing spawn area: 0%
[18:23:50] [Worker-Main-4/INFO]: Preparing spawn area: 1%
[18:23:51] [Worker-Main-5/INFO]: Preparing spawn area: 7%
[18:23:51] [Worker-Main-13/INFO]: Preparing spawn area: 26%
[18:23:52] [Worker-Main-10/INFO]: Preparing spawn area: 66%
[18:23:52] [Server thread/INFO]: Time elapsed: 5190 ms
[18:23:52] [Server thread/INFO]: Done (6.582s)! For help, type "help"
[18:24:09] [User Authenticator #1/INFO]: UUID of player FireGhest is debce880-f9a1-40f0-8a93-b61b35b663ad
[18:24:09] [Server thread/INFO]: FireGhest[/127.0.0.1:49369] logged in with entity id 154 at (5322.956910045352, 69.0, 1808.5511459308423)
[18:24:09] [Server thread/INFO]: FireGhest joined the game
[18:24:15] [Server thread/WARN]: Can't keep up! Is the server overloaded? Running 2004ms or 40 ticks behind
[18:25:31] [Server thread/INFO]: FireGhest lost connection: Disconnected
[18:25:31] [Server thread/INFO]: FireGhest left the game
[18:25:39] [Server thread/INFO]: Unknown or incomplete command, see below for error
[18:25:39] [Server thread/INFO]: salve-all<--[HERE]
[18:25:42] [Server thread/INFO]: Saving the game (this may take a moment!)
[18:25:43] [Server thread/INFO]: Saved the game
[18:25:44] [Server thread/INFO]: Stopping the server
[18:25:44] [Server thread/INFO]: Async Locator -> Shutting down locating executor service
[18:25:44] [Server thread/INFO]: Stopping server
[18:25:44] [Server thread/INFO]: Saving players
[18:25:44] [Server thread/INFO]: Saving worlds
[18:25:44] [Server thread/INFO]: Saving chunks for level 'ServerLevel[world]'/minecraft:overworld
[18:25:45] [Server thread/INFO]: Saving chunks for level 'ServerLevel[world]'/minecraft:the_nether
[18:25:45] [Server thread/INFO]: Saving chunks for level 'ServerLevel[world]'/minecraft:the_end
[18:25:45] [Server thread/INFO]: ThreadedAnvilChunkStorage (world): All chunks are saved
[18:25:45] [Server thread/INFO]: ThreadedAnvilChunkStorage (DIM-1): All chunks are saved
[18:25:45] [Server thread/INFO]: ThreadedAnvilChunkStorage (DIM1): All chunks are saved
[18:25:45] [Server thread/INFO]: ThreadedAnvilChunkStorage: All dimensions are saved
[18:25:45] [C2ME Storage #3/INFO]: Storage thread Thread[C2ME Storage #3,8,main] stopped
[18:25:45] [C2ME Storage #2/INFO]: Storage thread Thread[C2ME Storage #2,8,main] stopped
[18:25:45] [C2ME Storage #1/INFO]: Storage thread Thread[C2ME Storage #1,8,main] stopped
[18:25:45] [C2ME Storage #6/INFO]: Storage thread Thread[C2ME Storage #6,8,main] stopped
[18:25:45] [C2ME Storage #4/INFO]: Storage thread Thread[C2ME Storage #4,8,main] stopped
[18:25:45] [C2ME Storage #5/INFO]: Storage thread Thread[C2ME Storage #5,8,main] stopped
[18:25:45] [C2ME Storage #7/INFO]: Storage thread Thread[C2ME Storage #7,8,main] stopped
[18:25:45] [C2ME Storage #8/INFO]: Storage thread Thread[C2ME Storage #8,8,main] stopped
[18:25:45] [C2ME Storage #9/INFO]: Storage thread Thread[C2ME Storage #9,8,main] stopped
